[    0.000000] Initializing cgroup subsys cpuset
[    0.000000] Initializing cgroup subsys cpu
[    0.000000] Initializing cgroup subsys cpuacct
[    0.000000] Linux version 4.4.0-93-generic (buildd@lgw01-03) (gcc version 5.4.0 20160609 (Ubuntu 5.4.0-6ubuntu1~16.04.4) ) #116-Ubuntu SMP Fri Aug 11 21:17:51 UTC 2017 (Ubuntu 4.4.0-93.116-generic 4.4.79)
[    0.000000] Command line: BOOT_IMAGE=/boot/vmlinuz-4.4.0-93-generic root=LABEL=cloudimg-rootfs ro console=tty1 console=ttyS0
[    0.000000] KERNEL supported cpus:
[    0.000000]   Intel GenuineIntel
[    0.000000]   AMD AuthenticAMD
[    0.000000]   Centaur CentaurHauls
[    0.000000] x86/fpu: xstate_offset[2]:  576, xstate_sizes[2]:  256
[    0.000000] x86/fpu: Supporting XSAVE feature 0x01: 'x87 floating point registers'
[    0.000000] x86/fpu: Supporting XSAVE feature 0x02: 'SSE registers'
[    0.000000] x86/fpu: Supporting XSAVE feature 0x04: 'AVX registers'
[    0.000000] x86/fpu: Enabled xstate features 0x7, context size is 832 bytes, using 'standard' format.
[    0.000000] x86/fpu: Using 'lazy' FPU context switches.
[    0.000000] e820: BIOS-provided physical RAM map:
[    0.000000] BIOS-e820: [mem 0x0000000000000000-0x000000000009fbff] usable
[    0.000000] BIOS-e820: [mem 0x000000000009fc00-0x000000000009ffff] reserved
[    0.000000] BIOS-e820: [mem 0x00000000000f0000-0x00000000000fffff] reserved
[    0.000000] BIOS-e820: [mem 0x0000000000100000-0x000000003ffeffff] usable
[    0.000000] BIOS-e820: [mem 0x000000003fff0000-0x000000003fffffff] ACPI data
[    0.000000] BIOS-e820: [mem 0x00000000fec00000-0x00000000fec00fff] reserved
[    0.000000] BIOS-e820: [mem 0x00000000fee00000-0x00000000fee00fff] reserved
[    0.000000] BIOS-e820: [mem 0x00000000fffc0000-0x00000000ffffffff] reserved
[    0.000000] NX (Execute Disable) protection: active
[    0.000000] SMBIOS 2.5 present.
[    0.000000] Hypervisor detected: KVM
[    0.000000] e820: last_pfn = 0x3fff0 max_arch_pfn = 0x400000000
[    0.000000] MTRR: Disabled
[    0.000000] x86/PAT: MTRRs disabled, skipping PAT initialization too.
[    0.000000] CPU MTRRs all blank - virtualized system.
[    0.000000] x86/PAT: Configuration [0-7]: WB  WT  UC- UC  WB  WT  UC- UC  
[    0.000000] found SMP MP-table at [mem 0x0009fff0-0x0009ffff] mapped at [ffff88000009fff0]
[    0.000000] Scanning 1 areas for low memory corruption
[    0.000000] RAMDISK: [mem 0x36ac4000-0x37559fff]
[    0.000000] ACPI: Early table checksum verification disabled
[    0.000000] ACPI: RSDP 0x00000000000E0000 000024 (v02 VBOX  )
[    0.000000] ACPI: XSDT 0x000000003FFF0030 00003C (v01 VBOX   VBOXXSDT 00000001 ASL  00000061)
[    0.000000] ACPI: FACP 0x000000003FFF00F0 0000F4 (v04 VBOX   VBOXFACP 00000001 ASL  00000061)
[    0.000000] ACPI: DSDT 0x000000003FFF0470 0021C8 (v02 VBOX   VBOXBIOS 00000002 INTL 20100528)
[    0.000000] ACPI: FACS 0x000000003FFF0200 000040
[    0.000000] ACPI: FACS 0x000000003FFF0200 000040
[    0.000000] ACPI: APIC 0x000000003FFF0240 00005C (v02 VBOX   VBOXAPIC 00000001 ASL  00000061)
[    0.000000] ACPI: SSDT 0x000000003FFF02A0 0001CC (v01 VBOX   VBOXCPUT 00000002 INTL 20100528)
[    0.000000] No NUMA configuration found
[    0.000000] Faking a node at [mem 0x0000000000000000-0x000000003ffeffff]
[    0.000000] NODE_DATA(0) allocated [mem 0x3ffeb000-0x3ffeffff]
[    0.000000] kvm-clock: Using msrs 4b564d01 and 4b564d00
[    0.000000] kvm-clock: cpu 0, msr 0:3ffe3001, primary cpu clock
[    0.000000] kvm-clock: using sched offset of 3574862230 cycles
[    0.000000] clocksource: kvm-clock: mask: 0xffffffffffffffff max_cycles: 0x1cd42e4dffb, max_idle_ns: 881590591483 ns
[    0.000000] Zone ranges:
[    0.000000]   DMA      [mem 0x0000000000001000-0x0000000000ffffff]
[    0.000000]   DMA32    [mem 0x0000000001000000-0x000000003ffeffff]
[    0.000000]   Normal   empty
[    0.000000]   Device   empty
[    0.000000] Movable zone start for each node
[    0.000000] Early memory node ranges
[    0.000000]   node   0: [mem 0x0000000000001000-0x000000000009efff]
[    0.000000]   node   0: [mem 0x0000000000100000-0x000000003ffeffff]
[    0.000000] Initmem setup node 0 [mem 0x0000000000001000-0x000000003ffeffff]
[    0.000000] ACPI: PM-Timer IO Port: 0x4008
[    0.000000] IOAPIC[0]: apic_id 2, version 32, address 0xfec00000, GSI 0-23
[    0.000000] ACPI: INT_SRC_OVR (bus 0 bus_irq 0 global_irq 2 dfl dfl)
[    0.000000] ACPI: INT_SRC_OVR (bus 0 bus_irq 9 global_irq 9 high level)
[    0.000000] Using ACPI (MADT) for SMP configuration information
[    0.000000] smpboot: Allowing 2 CPUs, 0 hotplug CPUs
[    0.000000] PM: Registered nosave memory: [mem 0x00000000-0x00000fff]
[    0.000000] PM: Registered nosave memory: [mem 0x0009f000-0x0009ffff]
[    0.000000] PM: Registered nosave memory: [mem 0x000a0000-0x000effff]
[    0.000000] PM: Registered nosave memory: [mem 0x000f0000-0x000fffff]
[    0.000000] e820: [mem 0x40000000-0xfebfffff] available for PCI devices
[    0.000000] Booting paravirtualized kernel on KVM
[    0.000000] clocksource: refined-jiffies: mask: 0xffffffff max_cycles: 0xffffffff, max_idle_ns: 7645519600211568 ns
[    0.000000] setup_percpu: NR_CPUS:512 nr_cpumask_bits:512 nr_cpu_ids:2 nr_node_ids:1
[    0.000000] PERCPU: Embedded 34 pages/cpu @ffff88003fc00000 s98328 r8192 d32744 u1048576
[    0.000000] PV qspinlock hash table entries: 256 (order: 0, 4096 bytes)
[    0.000000] Built 1 zonelists in Node order, mobility grouping on.  Total pages: 257913
[    0.000000] Policy zone: DMA32
[    0.000000] Kernel command line: BOOT_IMAGE=/boot/vmlinuz-4.4.0-93-generic root=LABEL=cloudimg-rootfs ro console=tty1 console=ttyS0
[    0.000000] PID hash table entries: 4096 (order: 3, 32768 bytes)
[    0.000000] Memory: 1001724K/1048120K available (8479K kernel code, 1294K rwdata, 3984K rodata, 1492K init, 1316K bss, 46396K reserved, 0K cma-reserved)
[    0.000000] SLUB: HWalign=64, Order=0-3, MinObjects=0, CPUs=2, Nodes=1
[    0.000000] Hierarchical RCU implementation.
[    0.000000] 	Build-time adjustment of leaf fanout to 64.
[    0.000000] 	RCU restricting CPUs from NR_CPUS=512 to nr_cpu_ids=2.
[    0.000000] RCU: Adjusting geometry for rcu_fanout_leaf=64, nr_cpu_ids=2
[    0.000000] NR_IRQS:33024 nr_irqs:440 16
[    0.000000] Console: colour VGA+ 80x25
[    0.000000] console [tty1] enabled
[    0.000000] console [ttyS0] enabled
[    0.000000] tsc: Detected 3192.754 MHz processor
[    6.557073] Calibrating delay loop (skipped) preset value.. 6385.50 BogoMIPS (lpj=12771016)
[    6.821960] pid_max: default: 32768 minimum: 301
[    6.950800] ACPI: Core revision 20150930
[    7.060375] ACPI: 2 ACPI AML tables successfully acquired and loaded
[    7.257540] Security Framework initialized
[    7.338709] Yama: becoming mindful.
[    7.380882] AppArmor: AppArmor initialized
[    7.504207] Dentry cache hash table entries: 131072 (order: 8, 1048576 bytes)
[    7.698913] Inode-cache hash table entries: 65536 (order: 7, 524288 bytes)
[    7.915535] Mount-cache hash table entries: 2048 (order: 2, 16384 bytes)
[    8.121339] Mountpoint-cache hash table entries: 2048 (order: 2, 16384 bytes)
[    8.168357] Initializing cgroup subsys io
[    8.169075] Initializing cgroup subsys memory
[    8.174710] Initializing cgroup subsys devices
[    8.175518] Initializing cgroup subsys freezer
[    8.176266] Initializing cgroup subsys net_cls
[    8.177035] Initializing cgroup subsys perf_event
[    8.177821] Initializing cgroup subsys net_prio
[    8.185099] Initializing cgroup subsys hugetlb
[    8.185868] Initializing cgroup subsys pids
[    8.186676] CPU: Physical Processor ID: 0
[    8.195293] CPU: Processor Core ID: 0
[    8.196268] mce: CPU supports 0 MCE banks
[    8.197005] Last level iTLB entries: 4KB 512, 2MB 8, 4MB 8
[    8.197867] Last level dTLB entries: 4KB 512, 2MB 32, 4MB 32, 1GB 0
[    8.200782] Freeing SMP alternatives memory: 32K (ffffffff820ba000 - ffffffff820c2000)
[    8.211557] ftrace: allocating 32136 entries in 126 pages
[    8.398138] smpboot: APIC(0) Converting physical 0 to logical package 0
[    8.596918] smpboot: Max logical packages: 1
[    8.733634] x2apic enabled
[    8.825031] Switched APIC routing to physical x2apic.
[    9.001017] ..TIMER: vector=0x30 apic1=0 pin1=2 apic2=-1 pin2=-1
[    9.259317] APIC calibration not consistent with PM-Timer: 96ms instead of 100ms
[    9.488908] APIC delta adjusted to PM-Timer: 6250000 (6001400)
[    9.691620] smpboot: CPU0: Intel(R) Core(TM) i5-3470 CPU @ 3.20GHz (family: 0x6, model: 0x3a, stepping: 0x9)
[   10.24678] Performance Events: unsupported p6 CPU model 58 no PMU driver, software events only.
[   10.335545] KVM setup paravirtual spinlock
[   10.476896] x86: Booting SMP configuration:
[   10.589688] .... node  #0, CPUs:      #1
[   10.694723] kvm-clock: cpu 1, msr 0:3ffe3041, secondary cpu clock
[   10.746881] mce: CPU supports 0 MCE banks
[   10.749344] x86: Booted up 1 node, 2 CPUs
[   10.750244] smpboot: Total of 2 processors activated (12771.01 BogoMIPS)
[   10.751812] devtmpfs: initialized
[   10.803237] evm: security.selinux
[   10.884016] evm: security.SMACK64
[   10.965726] evm: security.SMACK64EXEC
[   11.078667] evm: security.SMACK64TRANSMUTE
[   11.211300] evm: security.SMACK64MMAP
[   11.306426] evm: security.ima
[   11.388004] evm: security.capability
[   11.476666] clocksource: jiffies: mask: 0xffffffff max_cycles: 0xffffffff, max_idle_ns: 7645041785100000 ns
[   11.509924] futex hash table entries: 512 (order: 3, 32768 bytes)
[   11.593366] pinctrl core: initialized pinctrl subsystem
[   11.600673] RTC time: 11:37:59, date: 10/05/17
[   11.604231] NET: Registered protocol family 16
[   11.632891] cpuidle: using governor ladder
[   11.697191] cpuidle: using governor menu
[   11.786876] PCCT header not found.
[   11.903147] ACPI: bus type PCI registered
[   12.039387] acpiphp: ACPI Hot Plug PCI Controller Driver version: 0.5
[   12.238225] PCI: Using configuration type 1 for base access
[   12.292193] ACPI: Added _OSI(Module Device)
[   12.417901] ACPI: Added _OSI(Processor Device)
[   12.545904] ACPI: Added _OSI(3.0 _SCP Extensions)
[   12.693247] ACPI: Added _OSI(Processor Aggregator Device)
[   12.724214] ACPI: Executed 1 blocks of module-level executable AML code
[   12.727111] ACPI: Interpreter enabled
[   12.727842] ACPI: (supports S0 S5)
[   12.728481] ACPI: Using IOAPIC for interrupt routing
[   12.729469] PCI: Using host bridge windows from ACPI; if necessary, use "pci=nocrs" and report a bug
[   12.734329] ACPI: PCI Root Bridge [PCI0] (domain 0000 [bus 00-ff])
[   12.935040] acpi PNP0A03:00: _OSC: OS supports [ASPM ClockPM Segments MSI]
[   13.115708] acpi PNP0A03:00: _OSC failed (AE_NOT_FOUND); disabling ASPM
[   13.321791] acpi PNP0A03:00: fail to add MMCONFIG information, can't access extended PCI configuration space under this bridge.
[   13.676309] PCI host bridge to bus 0000:00
[   13.739842] pci_bus 0000:00: root bus resource [io  0x0000-0x0cf7 window]
[   13.918219] pci_bus 0000:00: root bus resource [io  0x0d00-0xffff window]
[   14.121762] pci_bus 0000:00: root bus resource [mem 0x000a0000-0x000bffff window]
[   14.328421] pci_bus 0000:00: root bus resource [mem 0x40000000-0xffdfffff window]
[   14.559515] pci_bus 0000:00: root bus resource [bus 00-ff]
[   14.724739] pci 0000:00:01.1: legacy IDE quirk: reg 0x10: [io  0x01f0-0x01f7]
[   14.927231] pci 0000:00:01.1: legacy IDE quirk: reg 0x14: [io  0x03f6]
[   15.119965] pci 0000:00:01.1: legacy IDE quirk: reg 0x18: [io  0x0170-0x0177]
[   15.336030] pci 0000:00:01.1: legacy IDE quirk: reg 0x1c: [io  0x0376]
[   15.536151] pci 0000:00:07.0: quirk: [io  0x4000-0x403f] claimed by PIIX4 ACPI
[   15.724414] pci 0000:00:07.0: quirk: [io  0x4100-0x410f] claimed by PIIX4 SMB
[   15.734723] ACPI: PCI Interrupt Link [LNKA] (IRQs 5 9 10 *11)
[   15.893516] ACPI: PCI Interrupt Link [LNKB] (IRQs 5 9 10 *11)
[   16.065343] ACPI: PCI Interrupt Link [LNKC] (IRQs 5 9 *10 11)
[   16.215151] ACPI: PCI Interrupt Link [LNKD] (IRQs 5 *9 10 11)
[   16.371315] ACPI: Enabled 2 GPEs in block 00 to 07
[   16.520770] vgaarb: setting as boot device: PCI:0000:00:02.0
[   16.697896] vgaarb: device added: PCI:0000:00:02.0,decodes=io+mem,owns=io+mem,locks=none
[   16.944323] vgaarb: loaded
[   17.021042] vgaarb: bridge control possible 0000:00:02.0
[   17.181522] SCSI subsystem initialized
[   17.286013] ACPI: bus type USB registered
[   17.422221] usbcore: registered new interface driver usbfs
[   17.608319] usbcore: registered new interface driver hub
[   17.753190] usbcore: registered new device driver usb
[   17.925931] PCI: Using ACPI for IRQ routing
[   18.058394] NetLabel: Initializing
[   18.163622] NetLabel:  dmain hash size = 128
[   18.309789] NetLabel:  protocols = UNLABELED CIPSOv4
[   18.433921] NetLabel:  unlabeled traffic allowed by default
[   18.609709] amd_nb: Cannot enumerate AMD northbridges
[   18.768176] clocksource: Switched to clocksource kvm-clock
[   18.932960] AppArmor: AppArmor Filesystem Enabled
[   19.081418] pnp: PnP ACPI init
[   19.171091] pnp: PnP ACPI: found 3 devices
[   19.300484] clocksource: acpi_pm: mask: 0xffffff max_cycles: 0xffffff, max_idle_ns: 2085701024 ns
[   19.319097] NET: Registered protocol family 2
[   19.320036] TCP established hash table entries: 8192 (order: 4, 65536 bytes)
[   19.321187] TCP bind hash table entries: 8192 (order: 5, 131072 bytes)
[   19.322212] TCP: Hash tables configured (established 8192 bind 8192)
[   19.323231] UDP hash table entries: 512 (order: 2, 16384 bytes)
[   19.478261] UDP-Lite hash table entries: 512 (order: 2, 16384 bytes)
[   19.662332] NET: Registered protocol family 1
[   19.709986] pci 0000:00:00.0: Limiting direct PCI/PCI transfers
[   19.711044] pci 0000:00:01.0: Activating ISA DMA hang workarounds
[   19.814023] Unpacking initramfs...
[   21.558959] Freeing initrd memory: 10840K (ffff880036ac4000 - ffff88003755a000)
[   21.786640] RAPL PMU detected, API unit is 2^-32 Joules, 3 fixed counters 10737418240 ms ovfl timer
[   22.084831] hw unit of domain pp0-core 2^-0 Joules
[   22.251671] hw unit of domain package 2^-0 Joules
[   22.403541] hw unit of domain pp1-gpu 2^-0 Joules
[   22.530458] platform rtc_cmos: registered platform RTC device (no PNP device found)
[   22.534631] Scanning for low memory corruption every 60 seconds
[   22.739878] audit: initializing netlink subsys (disabled)
[   22.940112] audit: type=2000 audit(1507203476.968:1): initialized
[   23.148510] Initialise system trusted keyring
[   23.294579] HugeTLB registered 2 MB page size, pre-allocated 0 pages
[   23.490275] zbud: loaded
[   23.568357] tsc: Refined TSC clocksource calibration: 3195.659 MHz
[   23.737480] clocksource: tsc: mask: 0xffffffffffffffff max_cycles: 0x2e10451ba4c, max_idle_ns: 440795239521 ns
[   23.737758] VFS: Disk quotas dquot_6.6.0
ÿ[   23.737787] VFS: Dquot-cache hash table entries: 512 (order 0, 4096 bytes)
[   23.738022] squashfs: version 4.0 (2009/01/31) Phillip Lougher
[   23.905510] fuse init (API version 7.23)
[   23.905658] Key type big_key registered
[   23.905676] Allocating IMA MOK and blacklist keyrings.
[   23.905927] Key type asymmetric registered
[   23.905934] Asymmetric key parser 'x509' registered
[   23.905966] Block layer SCSI generic (bsg) driver version 0.4 loaded (major 249)
[   23.905997] io scheduler noop registered
[   23.905998] io scheduler deadline registered (default)
[   23.906022] io scheduler cfq registered
[   23.906115] pci_hotplug: PCI Hot Plug PCI Core version: 0.5
[   23.906119] pciehp: PCI Express Hot Plug Controller Driver version: 0.4
[   23.906233] ACPI: AC Adapter [AC] (on-line)
[   23.906278] input: Power Button as /devices/LNXSYSTM:00/LNXPWRBN:00/input/input0
[   23.906281] ACPI: Power Button [PWRF]
[   23.906342] input: Sleep Button as /devices/LNXSYSTM:00/LNXSLPBN:00/input/input1
[   23.906343] ACPI: Sleep Button [SLPF]
[   23.906465] GHES: HEST is not enabled!
[   23.906536] Serial: 8250/16550 driver, 32 ports, IRQ sharing enabled
[   24.044708] 00:02: ttyS0 at I/O 0x3f8 (irq = 4, base_baud = 115200) is a 16550A
[   24.301003] Linux agpgart interface v0.103
[   24.467503] loop: module loaded
[   24.467980] scsi host0: ata_piix
[   24.468034] scsi host1: ata_piix
[   24.468061] ata1: PATA max UDMA/33 cmd 0x1f0 ctl 0x3f6 bmdma 0xd000 irq 14
[   24.468062] ata2: PATA max UDMA/33 cmd 0x170 ctl 0x376 bmdma 0xd008 irq 15
[   24.468127] libphy: Fixed MDIO Bus: probed
[   24.468129] tun: Universal TUN/TAP device driver, 1.6
[   24.468129] tun: (C) 1999-2004 Max Krasnyansky <maxk@qualcomm.com>
[   24.468192] PPP generic driver version 2.4.2
[   24.468243] ehci_hcd: USB 2.0 'Enhanced' Host Controller (EHCI) Driver
[   24.468247] ehci-pci: EHCI PCI platform driver
[   24.468255] ehci-platform: EHCI generic platform driver
[   24.468263] ohci_hcd: USB 1.1 'Open' Host Controller (OHCI) Driver
[   24.468265] ohci-pci: OHCI PCI platform driver
[   24.468273] ohci-platform: OHCI generic platform driver
[   24.468279] uhci_hcd: USB Universal Host Controller Interface driver
[   24.468327] i8042: PNP: PS/2 Controller [PNP0303:PS2K,PNP0f03:PS2M] at 0x60,0x64 irq 1,12
[   24.468795] serio: i8042 KBD port at 0x60,0x64 irq 1
[   24.468799] serio: i8042 AUX port at 0x60,0x64 irq 12
[   24.468886] mousedev: PS/2 mouse device common for all mice
[   24.469164] input: AT Translated Set 2 keyboard as /devices/platform/i8042/serio0/input/input2
[   24.469464] rtc_cmos rtc_cmos: rtc core: registered rtc_cmos as rtc0
[   24.469514] rtc_cmos rtc_cmos: alarms up to one day, 114 bytes nvram
[   24.469520] i2c /dev entries driver
[   24.469562] device-mapper: uevent: version 1.0.3
[   24.469607] device-mapper: ioctl: 4.34.0-ioctl (2015-10-28) initialised: dm-devel@redhat.com
[   24.469618] ledtrig-cpu: registered to indicate activity on CPUs
[   24.469871] NET: Registered protocol family 10
[   24.470005] NET: Registered protocol family 17
[   24.470013] Key type dns_resolver registered
[   24.470126] microcode: CPU0 sig=0x306a9, pf=0x2, revision=0x19
[   24.559679] microcode: CPU1 sig=0x306a9, pf=0x2, revision=0x19
[   24.559775] microcode: Microcode Update Driver: v2.01 <tigran@aivazian.fsnet.co.uk>, Peter Oruba
[   24.559918] registered taskstats version 1
[   24.559931] Loading compiled-in X.509 certificates
[   24.560571] Loaded X.509 cert 'Build time autogenerated kernel key: a6f98c496ad22cf23b77f8fe21ff88c41791cbd4'
[   24.560594] zswap: loaded using pool lzo/zbud
[   24.562544] Key type trusted registered
[   24.564608] Key type encrypted registered
[   24.564612] AppArmor: AppArmor sha1 policy hashing enabled
[   24.564614] ima: No TPM chip found, activating TPM-bypass!
[   24.564631] evm: HMAC attrs: 0x1
[   24.564926]   Magic number: 5:147:630
[   24.640802] rtc_cmos rtc_cmos: setting system clock to 2017-10-05 11:38:12 UTC (1507203492)
[   24.640950] BIOS EDD facility v0.16 2004-Jun-25, 0 devices found
[   24.640951] EDD information not available.
[   31.959552] Freeing unused kernel memory: 1492K (ffffffff81f45000 - ffffffff820ba000)
[   32.173449] Write protecting the kernel read-only data: 14336k
[   32.365522] Freeing unused kernel memory: 1748K (ffff88000184b000 - ffff880001a00000)
[   32.604774] Freeing unused kernel memory: 112K (ffff880001de4000 - ffff880001e00000)
